2018-10-08 16:41:47,404 INFO  [org.jboss.modules] (main) JBoss Modules version 1.8.6.Final
2018-10-08 16:41:49,519 INFO  [org.jboss.msc] (main) JBoss MSC version 1.4.3.Final
2018-10-08 16:41:49,533 INFO  [org.jboss.threads] (main) JBoss Threads version 2.3.2.Final
2018-10-08 16:41:49,775 INFO  [org.jboss.as] (MSC service thread 1-2) WFLYSRV0049: WildFly Full 14.0.1.Final (WildFly Core 6.0.2.Final) starting
2018-10-08 16:41:49,777 DEBUG [org.jboss.as.config] (MSC service thread 1-2) Configured system properties:
	awt.toolkit = sun.awt.windows.WToolkit
	file.encoding = Cp1252
	file.encoding.pkg = sun.io
	file.separator = \
	java.awt.graphicsenv = sun.awt.Win32GraphicsEnvironment
	java.awt.printerjob = sun.awt.windows.WPrinterJob
	java.class.path = F:\Bachelor\3-Cours\AMT\wildfly-14.0.1.Final\jboss-modules.jar
	java.class.version = 52.0
	java.endorsed.dirs = C:\Program Files\Java\jdk1.8.0_121\jre\lib\endorsed
	java.ext.dirs = C:\Program Files\Java\jdk1.8.0_121\jre\lib\ext;C:\WINDOWS\Sun\Java\lib\ext
	java.home = C:\Program Files\Java\jdk1.8.0_121\jre
	java.io.tmpdir = C:\Users\Kevin\AppData\Local\Temp\
	java.library.path = C:\Program Files\Java\jdk1.8.0_121\bin;C:\WINDOWS\Sun\Java\bin;C:\WINDOWS\system32;C:\WINDOWS;C:\Program Files (x86)\Common Files\Oracle\Java\javapath;C:\ProgramData\Oracle\Java\javapath;C:\Windows\system32;C:\Windows;C:\Windows\System32\Wbem;C:\Windows\System32\WindowsPowerShell\v1.0\;C:\Program Files (x86)\NVIDIA Corporation\PhysX\Common;C:\Program Files\Git\cmd;C:\Program Files\PuTTY\;C:\Program Files\Java\jdk1.8.0_121\bin;C:\Strawberry\c\bin;C:\Strawberry\perl\site\bin;C:\Strawberry\perl\bin;C:\WINDOWS\system32;C:\WINDOWS;C:\WINDOWS\System32\Wbem;C:\WINDOWS\System32\WindowsPowerShell\v1.0\;C:\Program Files\apache-maven-3.5.2\bin;C:\WINDOWS\System32\OpenSSH\;C:\Users\Admin\AppData\Roaming\nvm;C:\Program Files\nodejs;C:\Users\Kevin\AppData\Local\Microsoft\WindowsApps;C:\Users\Kevin\AppData\Local\atom\bin;C:\Users\Kevin\AppData\Local\Microsoft\WindowsApps;C:\Users\Kevin\AppData\Local\Programs\Microsoft VS Code\bin;C:\Program Files\Docker Toolbox;;.
	java.net.preferIPv4Stack = true
	java.runtime.name = Java(TM) SE Runtime Environment
	java.runtime.version = 1.8.0_121-b13
	java.specification.name = Java Platform API Specification
	java.specification.vendor = Oracle Corporation
	java.specification.version = 1.8
	java.util.logging.manager = org.jboss.logmanager.LogManager
	java.vendor = Oracle Corporation
	java.vendor.url = http://java.oracle.com/
	java.vendor.url.bug = http://bugreport.sun.com/bugreport/
	java.version = 1.8.0_121
	java.vm.info = mixed mode
	java.vm.name = Java HotSpot(TM) 64-Bit Server VM
	java.vm.specification.name = Java Virtual Machine Specification
	java.vm.specification.vendor = Oracle Corporation
	java.vm.specification.version = 1.8
	java.vm.vendor = Oracle Corporation
	java.vm.version = 25.121-b13
	javax.management.builder.initial = org.jboss.as.jmx.PluggableMBeanServerBuilder
	jboss.home.dir = F:\Bachelor\3-Cours\AMT\wildfly-14.0.1.Final
	jboss.host.name = gulliver
	jboss.modules.dir = F:\Bachelor\3-Cours\AMT\wildfly-14.0.1.Final\modules
	jboss.modules.system.pkgs = org.jboss.byteman
	jboss.node.name = gulliver
	jboss.qualified.host.name = gulliver
	jboss.server.base.dir = F:\Bachelor\3-Cours\AMT\wildfly-14.0.1.Final\standalone
	jboss.server.config.dir = F:\Bachelor\3-Cours\AMT\wildfly-14.0.1.Final\standalone\configuration
	jboss.server.data.dir = F:\Bachelor\3-Cours\AMT\wildfly-14.0.1.Final\standalone\data
	jboss.server.deploy.dir = F:\Bachelor\3-Cours\AMT\wildfly-14.0.1.Final\standalone\data\content
	jboss.server.log.dir = F:\Bachelor\3-Cours\AMT\wildfly-14.0.1.Final\standalone\log
	jboss.server.name = gulliver
	jboss.server.persist.config = true
	jboss.server.temp.dir = F:\Bachelor\3-Cours\AMT\wildfly-14.0.1.Final\standalone\tmp
	line.separator = 

	logging.configuration = file:F:\Bachelor\3-Cours\AMT\wildfly-14.0.1.Final\standalone\configuration/logging.properties
	module.path = F:\Bachelor\3-Cours\AMT\wildfly-14.0.1.Final\modules
	org.jboss.boot.log.file = F:\Bachelor\3-Cours\AMT\wildfly-14.0.1.Final\standalone\log\server.log
	org.jboss.resolver.warning = true
	os.arch = amd64
	os.name = Windows 10
	os.version = 10.0
	path.separator = ;
	program.name = standalone.bat
	sun.arch.data.model = 64
	sun.boot.class.path = C:\Program Files\Java\jdk1.8.0_121\jre\lib\resources.jar;C:\Program Files\Java\jdk1.8.0_121\jre\lib\rt.jar;C:\Program Files\Java\jdk1.8.0_121\jre\lib\sunrsasign.jar;C:\Program Files\Java\jdk1.8.0_121\jre\lib\jsse.jar;C:\Program Files\Java\jdk1.8.0_121\jre\lib\jce.jar;C:\Program Files\Java\jdk1.8.0_121\jre\lib\charsets.jar;C:\Program Files\Java\jdk1.8.0_121\jre\lib\jfr.jar;C:\Program Files\Java\jdk1.8.0_121\jre\classes
	sun.boot.library.path = C:\Program Files\Java\jdk1.8.0_121\jre\bin
	sun.cpu.endian = little
	sun.cpu.isalist = amd64
	sun.desktop = windows
	sun.io.unicode.encoding = UnicodeLittle
	sun.java.command = F:\Bachelor\3-Cours\AMT\wildfly-14.0.1.Final\jboss-modules.jar -mp F:\Bachelor\3-Cours\AMT\wildfly-14.0.1.Final\modules org.jboss.as.standalone -Djboss.home.dir=F:\Bachelor\3-Cours\AMT\wildfly-14.0.1.Final
	sun.java.launcher = SUN_STANDARD
	sun.jnu.encoding = Cp1252
	sun.management.compiler = HotSpot 64-Bit Tiered Compilers
	sun.os.patch.level = 
	user.country = CH
	user.dir = F:\Bachelor\3-Cours\AMT\wildfly-14.0.1.Final\bin
	user.home = C:\Users\Kevin
	user.language = fr
	user.name = Kevin
	user.script = 
	user.timezone = Europe/Berlin
	user.variant = 
2018-10-08 16:41:49,778 DEBUG [org.jboss.as.config] (MSC service thread 1-2) VM Arguments: -Dprogram.name=standalone.bat -Xms64M -Xmx512M -XX:MetaspaceSize=96M -XX:MaxMetaspaceSize=256m -Djava.net.preferIPv4Stack=true -Djboss.modules.system.pkgs=org.jboss.byteman -Dorg.jboss.boot.log.file=F:\Bachelor\3-Cours\AMT\wildfly-14.0.1.Final\standalone\log\server.log -Dlogging.configuration=file:F:\Bachelor\3-Cours\AMT\wildfly-14.0.1.Final\standalone\configuration/logging.properties 
2018-10-08 16:41:51,959 INFO  [org.wildfly.security] (ServerService Thread Pool -- 27) ELY00001: WildFly Elytron version 1.6.0.Final
2018-10-08 16:41:58,301 INFO  [org.jboss.as.controller.management-deprecated] (Controller Boot Thread) WFLYCTL0028: Attribute 'security-realm' in the resource at address '/core-service=management/management-interface=http-interface' is deprecated, and may be removed in a future version. See the attribute description in the output of the read-resource-description operation to learn more about the deprecation.
2018-10-08 16:41:58,337 INFO  [org.jboss.as.controller.management-deprecated] (ServerService Thread Pool -- 4) WFLYCTL0028: Attribute 'security-realm' in the resource at address '/subsystem=undertow/server=default-server/https-listener=https' is deprecated, and may be removed in a future version. See the attribute description in the output of the read-resource-description operation to learn more about the deprecation.
2018-10-08 16:41:58,469 INFO  [org.jboss.as.server] (Controller Boot Thread) WFLYSRV0039: Creating http management service using socket-binding (management-http)
2018-10-08 16:41:58,505 INFO  [org.xnio] (MSC service thread 1-6) XNIO version 3.6.5.Final
2018-10-08 16:41:58,544 INFO  [org.xnio.nio] (MSC service thread 1-6) XNIO NIO Implementation Version 3.6.5.Final
2018-10-08 16:41:58,593 INFO  [org.jboss.as.clustering.infinispan] (ServerService Thread Pool -- 48) WFLYCLINF0001: Activating Infinispan subsystem.
2018-10-08 16:41:58,607 INFO  [org.jboss.as.security] (ServerService Thread Pool -- 66) WFLYSEC0002: Activating Security Subsystem
2018-10-08 16:41:58,609 INFO  [org.jboss.as.webservices] (ServerService Thread Pool -- 70) WFLYWS0002: Activating WebServices Extension
2018-10-08 16:41:58,637 INFO  [org.jboss.as.naming] (ServerService Thread Pool -- 60) WFLYNAM0001: Activating Naming Subsystem
2018-10-08 16:41:58,600 WARN  [org.jboss.as.txn] (ServerService Thread Pool -- 68) WFLYTX0013: The node-identifier attribute on the /subsystem=transactions is set to the default value. This is a danger for environments running multiple servers. Please make sure the attribute value is unique.
2018-10-08 16:41:58,670 INFO  [org.jboss.as.security] (MSC service thread 1-3) WFLYSEC0001: Current PicketBox version=5.0.3.Final
2018-10-08 16:41:58,840 INFO  [org.wildfly.extension.microprofile.opentracing] (ServerService Thread Pool -- 59) WFLYTRACEXT0001: Activating MicroProfile OpenTracing Subsystem
2018-10-08 16:41:58,851 INFO  [org.jboss.as.jsf] (ServerService Thread Pool -- 55) WFLYJSF0007: Activated the following JSF Implementations: [main]
2018-10-08 16:41:58,858 INFO  [org.wildfly.extension.microprofile.config.smallrye._private] (ServerService Thread Pool -- 57) WFLYCONF0001: Activating WildFly MicroProfile Config Subsystem
2018-10-08 16:41:58,952 INFO  [org.jboss.as.naming] (MSC service thread 1-3) WFLYNAM0003: Starting Naming Service
2018-10-08 16:41:58,955 INFO  [org.jboss.as.connector] (MSC service thread 1-3) WFLYJCA0009: Starting JCA Subsystem (WildFly/IronJacamar 1.4.11.Final)
2018-10-08 16:41:58,957 INFO  [org.wildfly.extension.microprofile.health.smallrye] (ServerService Thread Pool -- 58) WFLYHEALTH0001: Activating Eclipse MicroProfile Health Subsystem
2018-10-08 16:41:59,026 INFO  [org.jboss.as.mail.extension] (MSC service thread 1-3) WFLYMAIL0002: Unbound mail session [java:jboss/mail/Default]
2018-10-08 16:41:59,032 INFO  [org.jboss.as.connector.subsystems.datasources] (ServerService Thread Pool -- 41) WFLYJCA0004: Deploying JDBC-compliant driver class org.h2.Driver (version 1.4)
2018-10-08 16:41:59,056 INFO  [org.wildfly.extension.undertow] (MSC service thread 1-5) WFLYUT0003: Undertow 2.0.13.Final starting
2018-10-08 16:41:59,063 INFO  [org.jboss.as.mail.extension] (MSC service thread 1-5) WFLYMAIL0001: Bound mail session [java:jboss/mail/Default]
2018-10-08 16:41:59,132 INFO  [org.jboss.as.connector.deployers.jdbc] (MSC service thread 1-3) WFLYJCA0018: Started Driver service with driver-name = h2
2018-10-08 16:41:59,206 INFO  [org.jboss.as.connector.subsystems.datasources] (MSC service thread 1-3) WFLYJCA0010: Unbound data source [java:jboss/datasources/ExampleDS]
2018-10-08 16:41:59,914 INFO  [org.wildfly.extension.undertow] (ServerService Thread Pool -- 69) WFLYUT0014: Creating file handler for path 'F:\Bachelor\3-Cours\AMT\wildfly-14.0.1.Final/welcome-content' with options [directory-listing: 'false', follow-symlink: 'false', case-sensitive: 'true', safe-symlink-paths: '[]']
2018-10-08 16:42:00,041 INFO  [org.wildfly.extension.io] (ServerService Thread Pool -- 49) WFLYIO001: Worker 'default' has auto-configured to 8 core threads with 64 task threads based on your 4 available processors
2018-10-08 16:42:00,047 INFO  [org.jboss.as.ejb3] (MSC service thread 1-1) WFLYEJB0482: Strict pool mdb-strict-max-pool is using a max instance size of 16 (per class), which is derived from the number of CPUs on this host.
2018-10-08 16:42:00,049 INFO  [org.jboss.as.ejb3] (MSC service thread 1-1) WFLYEJB0481: Strict pool slsb-strict-max-pool is using a max instance size of 64 (per class), which is derived from thread worker pool sizing.
2018-10-08 16:42:00,112 INFO  [org.wildfly.extension.undertow] (MSC service thread 1-2) WFLYUT0012: Started server default-server.
2018-10-08 16:42:00,115 INFO  [org.wildfly.extension.undertow] (MSC service thread 1-6) WFLYUT0018: Host default-host starting
2018-10-08 16:42:00,144 INFO  [org.jboss.remoting] (MSC service thread 1-1) JBoss Remoting version 5.0.8.Final
2018-10-08 16:42:00,238 INFO  [org.wildfly.extension.undertow] (MSC service thread 1-4) WFLYUT0006: Undertow HTTP listener default listening on 127.0.0.1:8080
2018-10-08 16:42:00,389 INFO  [org.jboss.as.ejb3] (MSC service thread 1-8) WFLYEJB0493: EJB subsystem suspension complete
2018-10-08 16:42:00,822 INFO  [org.jboss.as.jaxrs] (ServerService Thread Pool -- 50) WFLYRS0016: RESTEasy version 3.6.1.Final
2018-10-08 16:42:00,831 INFO  [org.jboss.as.connector.subsystems.datasources] (MSC service thread 1-2) WFLYJCA0001: Bound data source [java:jboss/datasources/ExampleDS]
2018-10-08 16:42:03,826 INFO  [org.jboss.as.patching] (MSC service thread 1-2) WFLYPAT0050: WildFly Full cumulative patch ID is: base, one-off patches include: none
2018-10-08 16:42:03,842 WARN  [org.jboss.as.domain.management.security] (MSC service thread 1-5) WFLYDM0111: Keystore F:\Bachelor\3-Cours\AMT\wildfly-14.0.1.Final\standalone\configuration\application.keystore not found, it will be auto generated on first use with a self signed certificate for host localhost
2018-10-08 16:42:03,847 INFO  [org.jboss.as.server.deployment.scanner] (MSC service thread 1-3) WFLYDS0013: Started FileSystemDeploymentService for directory F:\Bachelor\3-Cours\AMT\wildfly-14.0.1.Final\standalone\deployments
2018-10-08 16:42:03,864 INFO  [org.jboss.as.server.deployment] (MSC service thread 1-8) WFLYSRV0027: Starting deployment of "MVCDemo-1.0-SNAPSHOT.war" (runtime-name: "MVCDemo-1.0-SNAPSHOT.war")
2018-10-08 16:42:04,160 INFO  [org.wildfly.extension.undertow] (MSC service thread 1-1) WFLYUT0006: Undertow HTTPS listener https listening on 127.0.0.1:8443
2018-10-08 16:42:08,439 INFO  [org.jboss.ws.common.management] (MSC service thread 1-5) JBWS022052: Starting JBossWS 5.2.3.Final (Apache CXF 3.2.5.jbossorg-1) 
2018-10-08 16:42:20,623 INFO  [org.jboss.weld.deployer] (MSC service thread 1-8) WFLYWELD0003: Processing weld deployment MVCDemo-1.0-SNAPSHOT.war
2018-10-08 16:42:21,346 INFO  [org.hibernate.validator.internal.util.Version] (MSC service thread 1-8) HV000001: Hibernate Validator 6.0.13.Final
2018-10-08 16:42:21,543 INFO  [org.jboss.as.ejb3.deployment] (MSC service thread 1-8) WFLYEJB0473: JNDI bindings for session bean named 'BeersManager' in deployment unit 'deployment "MVCDemo-1.0-SNAPSHOT.war"' are as follows:

	java:global/MVCDemo-1.0-SNAPSHOT/BeersManager!ch.heigvd.amt.mvcdemo.services.BeersManagerLocal
	java:app/MVCDemo-1.0-SNAPSHOT/BeersManager!ch.heigvd.amt.mvcdemo.services.BeersManagerLocal
	java:module/BeersManager!ch.heigvd.amt.mvcdemo.services.BeersManagerLocal
	ejb:MVCDemo-1.0-SNAPSHOT/BeersManager!ch.heigvd.amt.mvcdemo.services.BeersManagerLocal
	java:global/MVCDemo-1.0-SNAPSHOT/BeersManager
	java:app/MVCDemo-1.0-SNAPSHOT/BeersManager
	java:module/BeersManager

2018-10-08 16:42:21,544 INFO  [org.jboss.as.ejb3.deployment] (MSC service thread 1-8) WFLYEJB0473: JNDI bindings for session bean named 'BeersDataStore' in deployment unit 'deployment "MVCDemo-1.0-SNAPSHOT.war"' are as follows:

	java:global/MVCDemo-1.0-SNAPSHOT/BeersDataStore!ch.heigvd.amt.mvcdemo.services.BeersDataStoreLocal
	java:app/MVCDemo-1.0-SNAPSHOT/BeersDataStore!ch.heigvd.amt.mvcdemo.services.BeersDataStoreLocal
	java:module/BeersDataStore!ch.heigvd.amt.mvcdemo.services.BeersDataStoreLocal
	ejb:MVCDemo-1.0-SNAPSHOT/BeersDataStore!ch.heigvd.amt.mvcdemo.services.BeersDataStoreLocal
	java:global/MVCDemo-1.0-SNAPSHOT/BeersDataStore
	java:app/MVCDemo-1.0-SNAPSHOT/BeersDataStore
	java:module/BeersDataStore

2018-10-08 16:42:21,999 INFO  [org.jboss.weld.Version] (MSC service thread 1-1) WELD-000900: 3.0.5 (Final)
2018-10-08 16:42:22,437 INFO  [org.infinispan.factories.GlobalComponentRegistry] (MSC service thread 1-5) ISPN000128: Infinispan version: Infinispan 'Estrella Galicia' 9.3.1.Final
2018-10-08 16:42:22,811 INFO  [org.jboss.as.clustering.infinispan] (ServerService Thread Pool -- 72) WFLYCLINF0002: Started client-mappings cache from ejb container
2018-10-08 16:42:23,263 WARN  [io.jaegertracing.internal.senders.SenderResolver] (ServerService Thread Pool -- 83) No suitable sender found. Using NoopSender, meaning that data will not be sent anywhere!
2018-10-08 16:42:23,324 INFO  [io.jaegertracing.Configuration] (ServerService Thread Pool -- 83) Initialized tracer=JaegerTracer(version=Java-0.30.6, serviceName=MVCDemo-1.0-SNAPSHOT.war, reporter=RemoteReporter(sender=NoopSender(), closeEnqueueTimeout=1000), sampler=RemoteControlledSampler(maxOperations=2000, manager=HttpSamplingManager(hostPort=localhost:5778), sampler=ProbabilisticSampler(tags={sampler.type=probabilistic, sampler.param=0.001})), tags={hostname=Gulliver, jaeger.version=Java-0.30.6, ip=192.168.99.1}, zipkinSharedRpcSpan=false, expandExceptionLogs=false)
2018-10-08 16:42:23,366 INFO  [org.wildfly.extension.undertow] (ServerService Thread Pool -- 83) WFLYUT0021: Registered web context: '/MVCDemo-1.0-SNAPSHOT' for server 'default-server'
2018-10-08 16:42:23,435 INFO  [org.jboss.as.server] (Controller Boot Thread) WFLYSRV0010: Deployed "MVCDemo-1.0-SNAPSHOT.war" (runtime-name : "MVCDemo-1.0-SNAPSHOT.war")
2018-10-08 16:42:23,535 INFO  [org.jboss.as.server] (Controller Boot Thread) WFLYSRV0212: Resuming server
2018-10-08 16:42:23,538 INFO  [org.jboss.as] (Controller Boot Thread) WFLYSRV0060: Http management interface listening on http://127.0.0.1:9990/management
2018-10-08 16:42:23,538 INFO  [org.jboss.as] (Controller Boot Thread) WFLYSRV0051: Admin console listening on http://127.0.0.1:9990
2018-10-08 16:42:23,539 INFO  [org.jboss.as] (Controller Boot Thread) WFLYSRV0025: WildFly Full 14.0.1.Final (WildFly Core 6.0.2.Final) started in 37337ms - Started 512 of 695 services (326 services are lazy, passive or on-demand)
2018-10-08 16:42:23,805 INFO  [org.jboss.as.server.deployment] (MSC service thread 1-2) WFLYSRV0027: Starting deployment of "exempleLogin" (runtime-name: "exempleLogin.war")
2018-10-08 16:42:23,990 INFO  [org.wildfly.extension.undertow] (ServerService Thread Pool -- 34) WFLYUT0021: Registered web context: '/exempleLogin' for server 'default-server'
2018-10-08 16:42:24,040 INFO  [org.jboss.as.server] (management-handler-thread - 1) WFLYSRV0010: Deployed "exempleLogin" (runtime-name : "exempleLogin.war")
2018-10-08 16:44:15,794 INFO  [org.wildfly.extension.undertow] (ServerService Thread Pool -- 34) WFLYUT0022: Unregistered web context: '/exempleLogin' from server 'default-server'
2018-10-08 16:44:15,829 INFO  [org.jboss.as.server.deployment] (MSC service thread 1-7) WFLYSRV0028: Stopped deployment exempleLogin (runtime-name: exempleLogin.war) in 39ms
2018-10-08 16:44:15,894 INFO  [org.jboss.as.server] (management-handler-thread - 1) WFLYSRV0009: Undeployed "exempleLogin" (runtime-name: "exempleLogin.war")
2018-10-08 16:44:16,258 INFO  [org.jboss.as.server] (management-handler-thread - 1) WFLYSRV0236: Suspending server with no timeout.
2018-10-08 16:44:16,267 INFO  [org.jboss.as.ejb3] (management-handler-thread - 1) WFLYEJB0493: EJB subsystem suspension complete
2018-10-08 16:44:16,271 INFO  [org.jboss.as.server] (Management Triggered Shutdown) WFLYSRV0241: Shutting down in response to management operation 'shutdown'
2018-10-08 16:44:16,311 INFO  [org.jboss.as.mail.extension] (MSC service thread 1-2) WFLYMAIL0002: Unbound mail session [java:jboss/mail/Default]
2018-10-08 16:44:16,311 INFO  [org.wildfly.extension.undertow] (ServerService Thread Pool -- 86) WFLYUT0022: Unregistered web context: '/MVCDemo-1.0-SNAPSHOT' from server 'default-server'
2018-10-08 16:44:16,383 INFO  [org.wildfly.extension.undertow] (MSC service thread 1-7) WFLYUT0019: Host default-host stopping
2018-10-08 17:29:21,125 WARN  [org.jboss.as.domain.management.security] (MSC service thread 1-7) WFLYDM0111: Keystore F:\Bachelor\3-Cours\AMT\LABOS\AMT-Projet\wildfly-14.0.1.Final\standalone\configuration\application.keystore not found, it will be auto generated on first use with a self signed certificate for host localhost
2018-10-08 17:29:21,137 INFO  [org.jboss.as.server.deployment.scanner] (MSC service thread 1-5) WFLYDS0013: Started FileSystemDeploymentService for directory F:\Bachelor\3-Cours\AMT\LABOS\AMT-Projet\wildfly-14.0.1.Final\standalone\deployments
2018-10-08 17:29:21,153 INFO  [org.jboss.as.server.deployment] (MSC service thread 1-8) WFLYSRV0027: Starting deployment of "MVCDemo-1.0-SNAPSHOT.war" (runtime-name: "MVCDemo-1.0-SNAPSHOT.war")
2018-10-08 17:29:21,364 INFO  [org.wildfly.extension.undertow] (MSC service thread 1-5) WFLYUT0006: Undertow HTTPS listener https listening on 127.0.0.1:8443
2018-10-08 17:29:22,195 INFO  [org.jboss.ws.common.management] (MSC service thread 1-4) JBWS022052: Starting JBossWS 5.2.3.Final (Apache CXF 3.2.5.jbossorg-1) 
2018-10-08 17:29:29,770 INFO  [org.jboss.weld.deployer] (MSC service thread 1-3) WFLYWELD0003: Processing weld deployment MVCDemo-1.0-SNAPSHOT.war
2018-10-08 17:29:30,378 INFO  [org.hibernate.validator.internal.util.Version] (MSC service thread 1-3) HV000001: Hibernate Validator 6.0.13.Final
2018-10-08 17:29:30,539 INFO  [org.jboss.as.ejb3.deployment] (MSC service thread 1-3) WFLYEJB0473: JNDI bindings for session bean named 'BeersManager' in deployment unit 'deployment "MVCDemo-1.0-SNAPSHOT.war"' are as follows:

	java:global/MVCDemo-1.0-SNAPSHOT/BeersManager!ch.heigvd.amt.mvcdemo.services.BeersManagerLocal
	java:app/MVCDemo-1.0-SNAPSHOT/BeersManager!ch.heigvd.amt.mvcdemo.services.BeersManagerLocal
	java:module/BeersManager!ch.heigvd.amt.mvcdemo.services.BeersManagerLocal
	ejb:MVCDemo-1.0-SNAPSHOT/BeersManager!ch.heigvd.amt.mvcdemo.services.BeersManagerLocal
	java:global/MVCDemo-1.0-SNAPSHOT/BeersManager
	java:app/MVCDemo-1.0-SNAPSHOT/BeersManager
	java:module/BeersManager

2018-10-08 17:29:30,540 INFO  [org.jboss.as.ejb3.deployment] (MSC service thread 1-3) WFLYEJB0473: JNDI bindings for session bean named 'BeersDataStore' in deployment unit 'deployment "MVCDemo-1.0-SNAPSHOT.war"' are as follows:

	java:global/MVCDemo-1.0-SNAPSHOT/BeersDataStore!ch.heigvd.amt.mvcdemo.services.BeersDataStoreLocal
	java:app/MVCDemo-1.0-SNAPSHOT/BeersDataStore!ch.heigvd.amt.mvcdemo.services.BeersDataStoreLocal
	java:module/BeersDataStore!ch.heigvd.amt.mvcdemo.services.BeersDataStoreLocal
	ejb:MVCDemo-1.0-SNAPSHOT/BeersDataStore!ch.heigvd.amt.mvcdemo.services.BeersDataStoreLocal
	java:global/MVCDemo-1.0-SNAPSHOT/BeersDataStore
	java:app/MVCDemo-1.0-SNAPSHOT/BeersDataStore
	java:module/BeersDataStore

2018-10-08 17:29:30,921 INFO  [org.jboss.weld.Version] (MSC service thread 1-3) WELD-000900: 3.0.5 (Final)
2018-10-08 17:29:31,180 INFO  [org.infinispan.factories.GlobalComponentRegistry] (MSC service thread 1-2) ISPN000128: Infinispan version: Infinispan 'Estrella Galicia' 9.3.1.Final
2018-10-08 17:29:31,486 INFO  [org.jboss.as.clustering.infinispan] (ServerService Thread Pool -- 72) WFLYCLINF0002: Started client-mappings cache from ejb container
2018-10-08 17:29:31,930 WARN  [io.jaegertracing.internal.senders.SenderResolver] (ServerService Thread Pool -- 75) No suitable sender found. Using NoopSender, meaning that data will not be sent anywhere!
2018-10-08 17:29:32,003 INFO  [io.jaegertracing.Configuration] (ServerService Thread Pool -- 75) Initialized tracer=JaegerTracer(version=Java-0.30.6, serviceName=MVCDemo-1.0-SNAPSHOT.war, reporter=RemoteReporter(sender=NoopSender(), closeEnqueueTimeout=1000), sampler=RemoteControlledSampler(maxOperations=2000, manager=HttpSamplingManager(hostPort=localhost:5778), sampler=ProbabilisticSampler(tags={sampler.type=probabilistic, sampler.param=0.001})), tags={hostname=Gulliver, jaeger.version=Java-0.30.6, ip=192.168.99.1}, zipkinSharedRpcSpan=false, expandExceptionLogs=false)
2018-10-08 17:29:32,030 INFO  [org.wildfly.extension.undertow] (ServerService Thread Pool -- 75) WFLYUT0021: Registered web context: '/MVCDemo-1.0-SNAPSHOT' for server 'default-server'
2018-10-08 17:29:32,067 INFO  [org.jboss.as.server] (Controller Boot Thread) WFLYSRV0010: Deployed "MVCDemo-1.0-SNAPSHOT.war" (runtime-name : "MVCDemo-1.0-SNAPSHOT.war")
2018-10-08 17:29:32,155 INFO  [org.jboss.as.server] (Controller Boot Thread) WFLYSRV0212: Resuming server
2018-10-08 17:29:32,157 INFO  [org.jboss.as] (Controller Boot Thread) WFLYSRV0060: Http management interface listening on http://127.0.0.1:9990/management
2018-10-08 17:29:32,157 INFO  [org.jboss.as] (Controller Boot Thread) WFLYSRV0051: Admin console listening on http://127.0.0.1:9990
2018-10-08 17:29:32,157 INFO  [org.jboss.as] (Controller Boot Thread) WFLYSRV0025: WildFly Full 14.0.1.Final (WildFly Core 6.0.2.Final) started in 24966ms - Started 512 of 695 services (326 services are lazy, passive or on-demand)
2018-10-08 17:29:32,610 INFO  [org.jboss.as.server.deployment] (MSC service thread 1-1) WFLYSRV0027: Starting deployment of "AMT-Projet.war" (runtime-name: "AMT-Projet.war")
2018-10-08 17:29:32,806 INFO  [org.wildfly.extension.undertow] (ServerService Thread Pool -- 6) WFLYUT0021: Registered web context: '/AMT-Projet' for server 'default-server'
2018-10-08 17:29:32,867 INFO  [org.jboss.as.server] (management-handler-thread - 1) WFLYSRV0010: Deployed "AMT-Projet.war" (runtime-name : "AMT-Projet.war")
2018-10-08 17:30:45,624 INFO  [org.wildfly.extension.undertow] (ServerService Thread Pool -- 6) WFLYUT0022: Unregistered web context: '/AMT-Projet' from server 'default-server'
2018-10-08 17:30:45,721 INFO  [org.jboss.as.server.deployment] (MSC service thread 1-3) WFLYSRV0028: Stopped deployment AMT-Projet.war (runtime-name: AMT-Projet.war) in 102ms
2018-10-08 17:30:45,882 INFO  [org.jboss.as.server] (management-handler-thread - 1) WFLYSRV0009: Undeployed "AMT-Projet.war" (runtime-name: "AMT-Projet.war")
2018-10-08 17:30:46,037 INFO  [org.jboss.as.server] (management-handler-thread - 2) WFLYSRV0236: Suspending server with no timeout.
2018-10-08 17:30:46,039 INFO  [org.jboss.as.ejb3] (management-handler-thread - 2) WFLYEJB0493: EJB subsystem suspension complete
2018-10-08 17:30:46,053 INFO  [org.jboss.as.server] (Management Triggered Shutdown) WFLYSRV0241: Shutting down in response to management operation 'shutdown'
2018-10-08 17:30:46,170 INFO  [org.jboss.as.mail.extension] (MSC service thread 1-3) WFLYMAIL0002: Unbound mail session [java:jboss/mail/Default]
2018-10-08 17:30:46,172 INFO  [org.wildfly.extension.undertow] (ServerService Thread Pool -- 79) WFLYUT0022: Unregistered web context: '/MVCDemo-1.0-SNAPSHOT' from server 'default-server'
2018-10-08 17:30:46,207 INFO  [org.wildfly.extension.undertow] (MSC service thread 1-1) WFLYUT0019: Host default-host stopping
2018-10-08 17:30:46,229 INFO  [org.jboss.as.clustering.infinispan] (ServerService Thread Pool -- 6) WFLYCLINF0003: Stopped client-mappings cache from ejb container
2018-10-08 17:30:46,236 INFO  [org.jboss.as.connector.subsystems.datasources] (MSC service thread 1-1) WFLYJCA0010: Unbound data source [java:jboss/datasources/ExampleDS]
2018-10-08 17:30:46,242 INFO  [org.jboss.as.connector.deployers.jdbc] (MSC service thread 1-3) WFLYJCA0019: Stopped Driver service with driver-name = h2
2018-10-08 17:32:25,680 INFO  [org.jboss.modules] (main) JBoss Modules version 1.8.6.Final
2018-10-08 17:32:26,253 INFO  [org.jboss.msc] (main) JBoss MSC version 1.4.3.Final
2018-10-08 17:32:26,267 INFO  [org.jboss.threads] (main) JBoss Threads version 2.3.2.Final
2018-10-08 17:32:26,422 INFO  [org.jboss.as] (MSC service thread 1-2) WFLYSRV0049: WildFly Full 14.0.1.Final (WildFly Core 6.0.2.Final) starting
2018-10-08 17:32:26,423 DEBUG [org.jboss.as.config] (MSC service thread 1-2) Configured system properties:
	awt.toolkit = sun.awt.windows.WToolkit
	file.encoding = Cp1252
	file.encoding.pkg = sun.io
	file.separator = \
	java.awt.graphicsenv = sun.awt.Win32GraphicsEnvironment
	java.awt.printerjob = sun.awt.windows.WPrinterJob
	java.class.path = F:\Bachelor\3-Cours\AMT\LABOS\AMT-Projet\wildfly-14.0.1.Final\jboss-modules.jar
	java.class.version = 52.0
	java.endorsed.dirs = C:\Program Files\Java\jdk1.8.0_121\jre\lib\endorsed
	java.ext.dirs = C:\Program Files\Java\jdk1.8.0_121\jre\lib\ext;C:\WINDOWS\Sun\Java\lib\ext
	java.home = C:\Program Files\Java\jdk1.8.0_121\jre
	java.io.tmpdir = C:\Users\Kevin\AppData\Local\Temp\
	java.library.path = C:\Program Files\Java\jdk1.8.0_121\bin;C:\WINDOWS\Sun\Java\bin;C:\WINDOWS\system32;C:\WINDOWS;C:\Program Files (x86)\Common Files\Oracle\Java\javapath;C:\ProgramData\Oracle\Java\javapath;C:\Windows\system32;C:\Windows;C:\Windows\System32\Wbem;C:\Windows\System32\WindowsPowerShell\v1.0\;C:\Program Files (x86)\NVIDIA Corporation\PhysX\Common;C:\Program Files\Git\cmd;C:\Program Files\PuTTY\;C:\Program Files\Java\jdk1.8.0_121\bin;C:\Strawberry\c\bin;C:\Strawberry\perl\site\bin;C:\Strawberry\perl\bin;C:\WINDOWS\system32;C:\WINDOWS;C:\WINDOWS\System32\Wbem;C:\WINDOWS\System32\WindowsPowerShell\v1.0\;C:\Program Files\apache-maven-3.5.2\bin;C:\WINDOWS\System32\OpenSSH\;C:\Users\Admin\AppData\Roaming\nvm;C:\Program Files\nodejs;C:\Users\Kevin\AppData\Local\Microsoft\WindowsApps;C:\Users\Kevin\AppData\Local\atom\bin;C:\Users\Kevin\AppData\Local\Microsoft\WindowsApps;C:\Users\Kevin\AppData\Local\Programs\Microsoft VS Code\bin;C:\Program Files\Docker Toolbox;;.
	java.net.preferIPv4Stack = true
	java.runtime.name = Java(TM) SE Runtime Environment
	java.runtime.version = 1.8.0_121-b13
	java.specification.name = Java Platform API Specification
	java.specification.vendor = Oracle Corporation
	java.specification.version = 1.8
	java.util.logging.manager = org.jboss.logmanager.LogManager
	java.vendor = Oracle Corporation
	java.vendor.url = http://java.oracle.com/
	java.vendor.url.bug = http://bugreport.sun.com/bugreport/
	java.version = 1.8.0_121
	java.vm.info = mixed mode
	java.vm.name = Java HotSpot(TM) 64-Bit Server VM
	java.vm.specification.name = Java Virtual Machine Specification
	java.vm.specification.vendor = Oracle Corporation
	java.vm.specification.version = 1.8
	java.vm.vendor = Oracle Corporation
	java.vm.version = 25.121-b13
	javax.management.builder.initial = org.jboss.as.jmx.PluggableMBeanServerBuilder
	jboss.home.dir = F:\Bachelor\3-Cours\AMT\LABOS\AMT-Projet\wildfly-14.0.1.Final
	jboss.host.name = gulliver
	jboss.modules.dir = F:\Bachelor\3-Cours\AMT\LABOS\AMT-Projet\wildfly-14.0.1.Final\modules
	jboss.modules.system.pkgs = org.jboss.byteman
	jboss.node.name = gulliver
	jboss.qualified.host.name = gulliver
	jboss.server.base.dir = F:\Bachelor\3-Cours\AMT\LABOS\AMT-Projet\wildfly-14.0.1.Final\standalone
	jboss.server.config.dir = F:\Bachelor\3-Cours\AMT\LABOS\AMT-Projet\wildfly-14.0.1.Final\standalone\configuration
	jboss.server.data.dir = F:\Bachelor\3-Cours\AMT\LABOS\AMT-Projet\wildfly-14.0.1.Final\standalone\data
	jboss.server.deploy.dir = F:\Bachelor\3-Cours\AMT\LABOS\AMT-Projet\wildfly-14.0.1.Final\standalone\data\content
	jboss.server.log.dir = F:\Bachelor\3-Cours\AMT\LABOS\AMT-Projet\wildfly-14.0.1.Final\standalone\log
	jboss.server.name = gulliver
	jboss.server.persist.config = true
	jboss.server.temp.dir = F:\Bachelor\3-Cours\AMT\LABOS\AMT-Projet\wildfly-14.0.1.Final\standalone\tmp
	line.separator = 

	logging.configuration = file:F:\Bachelor\3-Cours\AMT\LABOS\AMT-Projet\wildfly-14.0.1.Final\standalone\configuration/logging.properties
	module.path = F:\Bachelor\3-Cours\AMT\LABOS\AMT-Projet\wildfly-14.0.1.Final\modules
	org.jboss.boot.log.file = F:\Bachelor\3-Cours\AMT\LABOS\AMT-Projet\wildfly-14.0.1.Final\standalone\log\server.log
	org.jboss.resolver.warning = true
	os.arch = amd64
	os.name = Windows 10
	os.version = 10.0
	path.separator = ;
	program.name = standalone.bat
	sun.arch.data.model = 64
	sun.boot.class.path = C:\Program Files\Java\jdk1.8.0_121\jre\lib\resources.jar;C:\Program Files\Java\jdk1.8.0_121\jre\lib\rt.jar;C:\Program Files\Java\jdk1.8.0_121\jre\lib\sunrsasign.jar;C:\Program Files\Java\jdk1.8.0_121\jre\lib\jsse.jar;C:\Program Files\Java\jdk1.8.0_121\jre\lib\jce.jar;C:\Program Files\Java\jdk1.8.0_121\jre\lib\charsets.jar;C:\Program Files\Java\jdk1.8.0_121\jre\lib\jfr.jar;C:\Program Files\Java\jdk1.8.0_121\jre\classes
	sun.boot.library.path = C:\Program Files\Java\jdk1.8.0_121\jre\bin
	sun.cpu.endian = little
	sun.cpu.isalist = amd64
	sun.desktop = windows
	sun.io.unicode.encoding = UnicodeLittle
	sun.java.command = F:\Bachelor\3-Cours\AMT\LABOS\AMT-Projet\wildfly-14.0.1.Final\jboss-modules.jar -mp F:\Bachelor\3-Cours\AMT\LABOS\AMT-Projet\wildfly-14.0.1.Final\modules org.jboss.as.standalone -Djboss.home.dir=F:\Bachelor\3-Cours\AMT\LABOS\AMT-Projet\wildfly-14.0.1.Final
	sun.java.launcher = SUN_STANDARD
	sun.jnu.encoding = Cp1252
	sun.management.compiler = HotSpot 64-Bit Tiered Compilers
	sun.os.patch.level = 
	user.country = CH
	user.dir = F:\Bachelor\3-Cours\AMT\LABOS\AMT-Projet\wildfly-14.0.1.Final\bin
	user.home = C:\Users\Kevin
	user.language = fr
	user.name = Kevin
	user.script = 
	user.timezone = Europe/Berlin
	user.variant = 
2018-10-08 17:32:26,424 DEBUG [org.jboss.as.config] (MSC service thread 1-2) VM Arguments: -Dprogram.name=standalone.bat -Xms64M -Xmx512M -XX:MetaspaceSize=96M -XX:MaxMetaspaceSize=256m -Djava.net.preferIPv4Stack=true -Djboss.modules.system.pkgs=org.jboss.byteman -Dorg.jboss.boot.log.file=F:\Bachelor\3-Cours\AMT\LABOS\AMT-Projet\wildfly-14.0.1.Final\standalone\log\server.log -Dlogging.configuration=file:F:\Bachelor\3-Cours\AMT\LABOS\AMT-Projet\wildfly-14.0.1.Final\standalone\configuration/logging.properties 
2018-10-08 17:32:27,889 INFO  [org.wildfly.security] (ServerService Thread Pool -- 27) ELY00001: WildFly Elytron version 1.6.0.Final
2018-10-08 17:32:29,237 INFO  [org.jboss.as.controller.management-deprecated] (Controller Boot Thread) WFLYCTL0028: Attribute 'security-realm' in the resource at address '/core-service=management/management-interface=http-interface' is deprecated, and may be removed in a future version. See the attribute description in the output of the read-resource-description operation to learn more about the deprecation.
2018-10-08 17:32:29,282 INFO  [org.jboss.as.controller.management-deprecated] (ServerService Thread Pool -- 33) WFLYCTL0028: Attribute 'security-realm' in the resource at address '/subsystem=undertow/server=default-server/https-listener=https' is deprecated, and may be removed in a future version. See the attribute description in the output of the read-resource-description operation to learn more about the deprecation.
2018-10-08 17:32:29,495 INFO  [org.jboss.as.server] (Controller Boot Thread) WFLYSRV0039: Creating http management service using socket-binding (management-http)
2018-10-08 17:32:29,529 INFO  [org.xnio] (MSC service thread 1-4) XNIO version 3.6.5.Final
2018-10-08 17:32:29,542 INFO  [org.xnio.nio] (MSC service thread 1-4) XNIO NIO Implementation Version 3.6.5.Final
2018-10-08 17:32:29,640 WARN  [org.jboss.as.txn] (ServerService Thread Pool -- 68) WFLYTX0013: The node-identifier attribute on the /subsystem=transactions is set to the default value. This is a danger for environments running multiple servers. Please make sure the attribute value is unique.
2018-10-08 17:32:29,654 INFO  [org.wildfly.extension.microprofile.opentracing] (ServerService Thread Pool -- 59) WFLYTRACEXT0001: Activating MicroProfile OpenTracing Subsystem
2018-10-08 17:32:29,655 INFO  [org.jboss.as.clustering.infinispan] (ServerService Thread Pool -- 48) WFLYCLINF0001: Activating Infinispan subsystem.
2018-10-08 17:32:29,666 INFO  [org.wildfly.extension.microprofile.config.smallrye._private] (ServerService Thread Pool -- 57) WFLYCONF0001: Activating WildFly MicroProfile Config Subsystem
2018-10-08 17:32:29,680 INFO  [org.jboss.as.jaxrs] (ServerService Thread Pool -- 50) WFLYRS0016: RESTEasy version 3.6.1.Final
2018-10-08 17:32:29,711 INFO  [org.jboss.as.security] (ServerService Thread Pool -- 66) WFLYSEC0002: Activating Security Subsystem
2018-10-08 17:32:29,725 INFO  [org.jboss.as.jsf] (ServerService Thread Pool -- 55) WFLYJSF0007: Activated the following JSF Implementations: [main]
2018-10-08 17:32:29,731 INFO  [org.wildfly.extension.microprofile.health.smallrye] (ServerService Thread Pool -- 58) WFLYHEALTH0001: Activating Eclipse MicroProfile Health Subsystem
2018-10-08 17:32:29,738 INFO  [org.jboss.as.webservices] (ServerService Thread Pool -- 70) WFLYWS0002: Activating WebServices Extension
2018-10-08 17:32:29,828 INFO  [org.jboss.as.security] (MSC service thread 1-8) WFLYSEC0001: Current PicketBox version=5.0.3.Final
2018-10-08 17:32:29,867 INFO  [org.wildfly.extension.undertow] (MSC service thread 1-1) WFLYUT0003: Undertow 2.0.13.Final starting
2018-10-08 17:32:29,875 INFO  [org.jboss.as.naming] (ServerService Thread Pool -- 60) WFLYNAM0001: Activating Naming Subsystem
2018-10-08 17:32:29,882 INFO  [org.jboss.as.connector] (MSC service thread 1-6) WFLYJCA0009: Starting JCA Subsystem (WildFly/IronJacamar 1.4.11.Final)
2018-10-08 17:32:29,937 INFO  [org.jboss.as.mail.extension] (MSC service thread 1-8) WFLYMAIL0002: Unbound mail session [java:jboss/mail/Default]
2018-10-08 17:32:30,026 INFO  [org.jboss.as.connector.subsystems.datasources] (ServerService Thread Pool -- 41) WFLYJCA0004: Deploying JDBC-compliant driver class org.h2.Driver (version 1.4)
2018-10-08 17:32:30,144 INFO  [org.jboss.as.connector.deployers.jdbc] (MSC service thread 1-1) WFLYJCA0018: Started Driver service with driver-name = h2
2018-10-08 17:32:30,261 INFO  [org.jboss.as.mail.extension] (MSC service thread 1-5) WFLYMAIL0001: Bound mail session [java:jboss/mail/Default]
2018-10-08 17:32:30,258 INFO  [org.jboss.as.naming] (MSC service thread 1-8) WFLYNAM0003: Starting Naming Service
2018-10-08 17:32:30,826 INFO  [org.wildfly.extension.undertow] (ServerService Thread Pool -- 69) WFLYUT0014: Creating file handler for path 'F:\Bachelor\3-Cours\AMT\LABOS\AMT-Projet\wildfly-14.0.1.Final/welcome-content' with options [directory-listing: 'false', follow-symlink: 'false', case-sensitive: 'true', safe-symlink-paths: '[]']
2018-10-08 17:32:30,934 INFO  [org.jboss.as.connector.subsystems.datasources] (MSC service thread 1-2) WFLYJCA0010: Unbound data source [java:jboss/datasources/ExampleDS]
2018-10-08 17:32:31,580 INFO  [org.wildfly.extension.io] (ServerService Thread Pool -- 49) WFLYIO001: Worker 'default' has auto-configured to 8 core threads with 64 task threads based on your 4 available processors
2018-10-08 17:32:31,584 INFO  [org.jboss.as.ejb3] (MSC service thread 1-5) WFLYEJB0482: Strict pool mdb-strict-max-pool is using a max instance size of 16 (per class), which is derived from the number of CPUs on this host.
2018-10-08 17:32:31,588 INFO  [org.jboss.as.ejb3] (MSC service thread 1-6) WFLYEJB0481: Strict pool slsb-strict-max-pool is using a max instance size of 64 (per class), which is derived from thread worker pool sizing.
2018-10-08 17:32:31,656 INFO  [org.jboss.as.patching] (MSC service thread 1-2) WFLYPAT0050: WildFly Full cumulative patch ID is: base, one-off patches include: none
2018-10-08 17:32:31,661 INFO  [org.wildfly.extension.undertow] (MSC service thread 1-6) WFLYUT0012: Started server default-server.
2018-10-08 17:32:31,675 INFO  [org.wildfly.extension.undertow] (MSC service thread 1-2) WFLYUT0018: Host default-host starting
2018-10-08 17:32:31,675 INFO  [org.jboss.remoting] (MSC service thread 1-1) JBoss Remoting version 5.0.8.Final
2018-10-08 17:32:31,779 WARN  [org.jboss.as.domain.management.security] (MSC service thread 1-3) WFLYDM0111: Keystore F:\Bachelor\3-Cours\AMT\LABOS\AMT-Projet\wildfly-14.0.1.Final\standalone\configuration\application.keystore not found, it will be auto generated on first use with a self signed certificate for host localhost
2018-10-08 17:32:31,781 INFO  [org.jboss.as.server.deployment.scanner] (MSC service thread 1-2) WFLYDS0013: Started FileSystemDeploymentService for directory F:\Bachelor\3-Cours\AMT\LABOS\AMT-Projet\wildfly-14.0.1.Final\standalone\deployments
2018-10-08 17:32:31,804 INFO  [org.wildfly.extension.undertow] (MSC service thread 1-6) WFLYUT0006: Undertow HTTP listener default listening on 127.0.0.1:8080
2018-10-08 17:32:31,887 INFO  [org.jboss.as.server.deployment] (MSC service thread 1-8) WFLYSRV0027: Starting deployment of "MVCDemo-1.0-SNAPSHOT.war" (runtime-name: "MVCDemo-1.0-SNAPSHOT.war")
2018-10-08 17:32:32,000 INFO  [org.jboss.as.ejb3] (MSC service thread 1-6) WFLYEJB0493: EJB subsystem suspension complete
2018-10-08 17:32:32,250 INFO  [org.jboss.as.connector.subsystems.datasources] (MSC service thread 1-4) WFLYJCA0001: Bound data source [java:jboss/datasources/ExampleDS]
2018-10-08 17:32:33,585 INFO  [org.wildfly.extension.undertow] (MSC service thread 1-3) WFLYUT0006: Undertow HTTPS listener https listening on 127.0.0.1:8443
2018-10-08 17:32:33,779 INFO  [org.jboss.ws.common.management] (MSC service thread 1-8) JBWS022052: Starting JBossWS 5.2.3.Final (Apache CXF 3.2.5.jbossorg-1) 
2018-10-08 17:32:38,016 INFO  [org.jboss.weld.deployer] (MSC service thread 1-2) WFLYWELD0003: Processing weld deployment MVCDemo-1.0-SNAPSHOT.war
2018-10-08 17:32:38,237 INFO  [org.hibernate.validator.internal.util.Version] (MSC service thread 1-2) HV000001: Hibernate Validator 6.0.13.Final
2018-10-08 17:32:38,411 INFO  [org.jboss.as.ejb3.deployment] (MSC service thread 1-2) WFLYEJB0473: JNDI bindings for session bean named 'BeersManager' in deployment unit 'deployment "MVCDemo-1.0-SNAPSHOT.war"' are as follows:

	java:global/MVCDemo-1.0-SNAPSHOT/BeersManager!ch.heigvd.amt.mvcdemo.services.BeersManagerLocal
	java:app/MVCDemo-1.0-SNAPSHOT/BeersManager!ch.heigvd.amt.mvcdemo.services.BeersManagerLocal
	java:module/BeersManager!ch.heigvd.amt.mvcdemo.services.BeersManagerLocal
	ejb:MVCDemo-1.0-SNAPSHOT/BeersManager!ch.heigvd.amt.mvcdemo.services.BeersManagerLocal
	java:global/MVCDemo-1.0-SNAPSHOT/BeersManager
	java:app/MVCDemo-1.0-SNAPSHOT/BeersManager
	java:module/BeersManager

2018-10-08 17:32:38,412 INFO  [org.jboss.as.ejb3.deployment] (MSC service thread 1-2) WFLYEJB0473: JNDI bindings for session bean named 'BeersDataStore' in deployment unit 'deployment "MVCDemo-1.0-SNAPSHOT.war"' are as follows:

	java:global/MVCDemo-1.0-SNAPSHOT/BeersDataStore!ch.heigvd.amt.mvcdemo.services.BeersDataStoreLocal
	java:app/MVCDemo-1.0-SNAPSHOT/BeersDataStore!ch.heigvd.amt.mvcdemo.services.BeersDataStoreLocal
	java:module/BeersDataStore!ch.heigvd.amt.mvcdemo.services.BeersDataStoreLocal
	ejb:MVCDemo-1.0-SNAPSHOT/BeersDataStore!ch.heigvd.amt.mvcdemo.services.BeersDataStoreLocal
	java:global/MVCDemo-1.0-SNAPSHOT/BeersDataStore
	java:app/MVCDemo-1.0-SNAPSHOT/BeersDataStore
	java:module/BeersDataStore

2018-10-08 17:32:38,872 INFO  [org.jboss.weld.Version] (MSC service thread 1-4) WELD-000900: 3.0.5 (Final)
2018-10-08 17:32:39,106 INFO  [org.infinispan.factories.GlobalComponentRegistry] (MSC service thread 1-5) ISPN000128: Infinispan version: Infinispan 'Estrella Galicia' 9.3.1.Final
2018-10-08 17:32:39,480 INFO  [org.jboss.as.clustering.infinispan] (ServerService Thread Pool -- 72) WFLYCLINF0002: Started client-mappings cache from ejb container
2018-10-08 17:32:40,197 WARN  [io.jaegertracing.internal.senders.SenderResolver] (ServerService Thread Pool -- 85) No suitable sender found. Using NoopSender, meaning that data will not be sent anywhere!
2018-10-08 17:32:40,246 INFO  [io.jaegertracing.Configuration] (ServerService Thread Pool -- 85) Initialized tracer=JaegerTracer(version=Java-0.30.6, serviceName=MVCDemo-1.0-SNAPSHOT.war, reporter=RemoteReporter(sender=NoopSender(), closeEnqueueTimeout=1000), sampler=RemoteControlledSampler(maxOperations=2000, manager=HttpSamplingManager(hostPort=localhost:5778), sampler=ProbabilisticSampler(tags={sampler.type=probabilistic, sampler.param=0.001})), tags={hostname=Gulliver, jaeger.version=Java-0.30.6, ip=192.168.99.1}, zipkinSharedRpcSpan=false, expandExceptionLogs=false)
2018-10-08 17:32:40,285 INFO  [org.wildfly.extension.undertow] (ServerService Thread Pool -- 85) WFLYUT0021: Registered web context: '/MVCDemo-1.0-SNAPSHOT' for server 'default-server'
2018-10-08 17:32:40,326 INFO  [org.jboss.as.server] (Controller Boot Thread) WFLYSRV0010: Deployed "MVCDemo-1.0-SNAPSHOT.war" (runtime-name : "MVCDemo-1.0-SNAPSHOT.war")
2018-10-08 17:32:40,437 INFO  [org.jboss.as.server] (Controller Boot Thread) WFLYSRV0212: Resuming server
2018-10-08 17:32:40,440 INFO  [org.jboss.as] (Controller Boot Thread) WFLYSRV0060: Http management interface listening on http://127.0.0.1:9990/management
2018-10-08 17:32:40,440 INFO  [org.jboss.as] (Controller Boot Thread) WFLYSRV0051: Admin console listening on http://127.0.0.1:9990
2018-10-08 17:32:40,441 INFO  [org.jboss.as] (Controller Boot Thread) WFLYSRV0025: WildFly Full 14.0.1.Final (WildFly Core 6.0.2.Final) started in 15297ms - Started 512 of 695 services (326 services are lazy, passive or on-demand)
2018-10-08 17:32:40,763 INFO  [org.jboss.as.server.deployment] (MSC service thread 1-6) WFLYSRV0027: Starting deployment of "AMT-Projet.war" (runtime-name: "AMT-Projet.war")
2018-10-08 17:32:40,939 INFO  [org.wildfly.extension.undertow] (ServerService Thread Pool -- 23) WFLYUT0021: Registered web context: '/AMT-Projet' for server 'default-server'
2018-10-08 17:32:41,004 INFO  [org.jboss.as.server] (management-handler-thread - 1) WFLYSRV0010: Deployed "AMT-Projet.war" (runtime-name : "AMT-Projet.war")
2018-10-08 17:43:12,210 INFO  [org.wildfly.extension.undertow] (ServerService Thread Pool -- 23) WFLYUT0022: Unregistered web context: '/AMT-Projet' from server 'default-server'
2018-10-08 17:43:12,548 INFO  [org.jboss.as.server.deployment] (MSC service thread 1-2) WFLYSRV0028: Stopped deployment AMT-Projet.war (runtime-name: AMT-Projet.war) in 343ms
2018-10-08 17:43:12,599 INFO  [org.jboss.as.server] (management-handler-thread - 4) WFLYSRV0009: Undeployed "AMT-Projet.war" (runtime-name: "AMT-Projet.war")
2018-10-08 17:43:12,769 INFO  [org.jboss.as.server] (management-handler-thread - 4) WFLYSRV0236: Suspending server with no timeout.
2018-10-08 17:43:12,777 INFO  [org.jboss.as.ejb3] (management-handler-thread - 4) WFLYEJB0493: EJB subsystem suspension complete
2018-10-08 17:43:12,781 INFO  [org.jboss.as.server] (Management Triggered Shutdown) WFLYSRV0241: Shutting down in response to management operation 'shutdown'
